<?xml version="1.0" encoding="UTF-8"?>
<!-- Generated by org.testng.reporters.JUnitReportReporter -->
<testsuite hostname="LAPTOP-3CF66GBG" failures="0" tests="8" name="test.InvocationCount" time="0.015" errors="0" timestamp="2022-06-20T21:08:07 IST" skipped="1">
  <testcase classname="test.InvocationCount" name="testMethod1" time="0.009"/>
  <system-out/>
  <testcase classname="test.InvocationCount" name="testMethod3" time="0.001"/>
  <system-out/>
  <testcase classname="test.InvocationCount" name="testMethod4" time="0.001"/>
  <system-out/>
  <testcase classname="test.InvocationCount" name="testMethod4" time="0.001"/>
  <system-out/>
  <testcase classname="test.InvocationCount" name="testMethod4" time="0.001"/>
  <system-out/>
  <testcase classname="test.InvocationCount" name="testMethod4" time="0.001"/>
  <system-out/>
  <testcase classname="test.InvocationCount" name="testMethod4" time="0.001"/>
  <system-out/>
  <testcase classname="test.InvocationCount" name="testMethod2">
    <skipped/>
  </testcase> <!-- testMethod2 -->
  <system-out/>
</testsuite> <!-- test.InvocationCount -->
