<?xml version="1.0" encoding="UTF-8"?>
<!-- Generated by org.testng.reporters.JUnitReportReporter -->
<testsuite hostname="LAPTOP-3CF66GBG" failures="0" tests="2" name="org.pagefactorty.java.Testcase" time="34.647" errors="0" timestamp="2022-09-17T20:32:01 IST" skipped="0">
  <testcase classname="org.pagefactorty.java.Testcase" name="testCase_002" time="17.978"/>
  <system-out/>
  <testcase classname="org.pagefactorty.java.Testcase" name="Testcase_001" time="16.669"/>
  <system-out/>
</testsuite> <!-- org.pagefactorty.java.Testcase -->
