<?xml version="1.0" encoding="UTF-8"?>
<!-- Generated by org.testng.reporters.JUnitReportReporter -->
<testsuite hostname="LAPTOP-3CF66GBG" failures="0" tests="1" name="facker.java.FackerGenerateNewData" time="0.317" errors="0" timestamp="2023-01-05T01:23:47 IST" skipped="0">
  <testcase classname="facker.java.FackerGenerateNewData" name="DuplicateData" time="0.317"/>
  <system-out/>
</testsuite> <!-- facker.java.FackerGenerateNewData -->
