<?xml version="1.0" encoding="UTF-8"?>
<!-- Generated by org.testng.reporters.JUnitReportReporter -->
<testsuite hostname="LAPTOP-3CF66GBG" failures="0" tests="2" name="testCases.SampleClass" time="0.066" errors="0" timestamp="2022-09-24T11:44:29 IST" skipped="0">
  <testcase classname="testCases.SampleClass" name="testMethod2" time="0.010"/>
  <system-out/>
  <testcase classname="testCases.SampleClass" name="testMethod1" time="0.056"/>
  <system-out/>
</testsuite> <!-- testCases.SampleClass -->
