<?xml version="1.0" encoding="UTF-8"?>
<!-- Generated by org.testng.reporters.JUnitReportReporter -->
<testsuite hostname="LAPTOP-3CF66GBG" failures="0" tests="1" name="hrm.page_factory.java.Test_case" time="66.084" errors="0" timestamp="2022-07-18T20:55:46 IST" skipped="0">
  <testcase classname="hrm.page_factory.java.Test_case" name="landingPage" time="66.084"/>
  <system-out/>
</testsuite> <!-- hrm.page_factory.java.Test_case -->
