<?xml version="1.0" encoding="UTF-8"?>
<!-- Generated by org.testng.reporters.JUnitReportReporter -->
<testsuite hostname="LAPTOP-3CF66GBG" failures="0" tests="4" name="workingWithXml.SampleClass_1" time="0.004" errors="0" timestamp="2022-06-23T18:04:58 IST" skipped="0">
  <testcase classname="workingWithXml.SampleClass_1" name="metho_7" time="0.001"/>
  <system-out/>
  <testcase classname="workingWithXml.SampleClass_1" name="metho_5" time="0.001"/>
  <system-out/>
  <testcase classname="workingWithXml.SampleClass_1" name="metho_8" time="0.001"/>
  <system-out/>
  <testcase classname="workingWithXml.SampleClass_1" name="metho_6" time="0.001"/>
  <system-out/>
</testsuite> <!-- workingWithXml.SampleClass_1 -->
