<?xml version="1.0" encoding="UTF-8"?>
<!-- Generated by org.testng.reporters.JUnitReportReporter -->
<testsuite hostname="LAPTOP-3CF66GBG" failures="0" tests="1" name="abcd.MavenTest1" time="0.092" errors="0" timestamp="2023-01-09T00:00:39 IST" skipped="0">
  <testcase classname="abcd.MavenTest1" name="m1" time="0.092"/>
  <system-out/>
</testsuite> <!-- abcd.MavenTest1 -->
