<?xml version="1.0" encoding="UTF-8"?>
<!-- Generated by org.testng.reporters.JUnitReportReporter -->
<testsuite hostname="LAPTOP-3CF66GBG" failures="0" tests="1" name="org.listeners.sel.Sample" time="0.057" errors="0" timestamp="2022-08-27T11:18:00 IST" skipped="0">
  <testcase classname="org.listeners.sel.Sample" name="name" time="0.057"/>
  <system-out/>
</testsuite> <!-- org.listeners.sel.Sample -->
