<?xml version="1.0" encoding="UTF-8"?>
<!-- Generated by org.testng.reporters.JUnitReportReporter -->
<testsuite hostname="LAPTOP-3CF66GBG" failures="0" tests="8" name="testCases.InvocationCount" time="0.028" errors="0" timestamp="2022-06-26T09:00:43 IST" skipped="1">
  <testcase classname="testCases.InvocationCount" name="testMethod1" time="0.017"/>
  <system-out/>
  <testcase classname="testCases.InvocationCount" name="testMethod3" time="0.002"/>
  <system-out/>
  <testcase classname="testCases.InvocationCount" name="testMethod4" time="0.001"/>
  <system-out/>
  <testcase classname="testCases.InvocationCount" name="testMethod4" time="0.001"/>
  <system-out/>
  <testcase classname="testCases.InvocationCount" name="testMethod4" time="0.001"/>
  <system-out/>
  <testcase classname="testCases.InvocationCount" name="testMethod4" time="0.004"/>
  <system-out/>
  <testcase classname="testCases.InvocationCount" name="testMethod4" time="0.002"/>
  <system-out/>
  <testcase classname="testCases.InvocationCount" name="testMethod2">
    <skipped/>
  </testcase> <!-- testMethod2 -->
  <system-out/>
</testsuite> <!-- testCases.InvocationCount -->
