<?xml version="1.0" encoding="UTF-8"?>
<!-- Generated by org.testng.reporters.JUnitReportReporter -->
<testsuite hostname="LAPTOP-3CF66GBG" failures="0" tests="3" name="abcd.MavenTest3" time="0.015" errors="0" timestamp="2022-07-07T12:12:12 IST" skipped="0">
  <testcase classname="abcd.MavenTest3" name="m2" time="0.001"/>
  <system-out/>
  <testcase classname="abcd.MavenTest3" name="m1" time="0.012"/>
  <system-out/>
  <testcase classname="abcd.MavenTest3" name="m3" time="0.002"/>
  <system-out/>
</testsuite> <!-- abcd.MavenTest3 -->
