<?xml version="1.0" encoding="UTF-8"?>
<!-- Generated by org.testng.reporters.JUnitReportReporter -->
<testsuite hostname="LAPTOP-3CF66GBG" failures="0" tests="1" name="src.HRM.PAGE_FACTORY.JAVA.Test99GuruLoginWithPageFactory" time="2.958" errors="0" timestamp="2022-09-17T17:48:03 IST" skipped="0">
  <testcase classname="src.HRM.PAGE_FACTORY.JAVA.Test99GuruLoginWithPageFactory" name="test_Home_Page_Appear_Correct" time="2.958"/>
  <system-out/>
</testsuite> <!-- src.HRM.PAGE_FACTORY.JAVA.Test99GuruLoginWithPageFactory -->
