<?xml version="1.0" encoding="UTF-8"?>
<!-- Generated by org.testng.reporters.JUnitReportReporter -->
<testsuite hostname="LAPTOP-3CF66GBG" failures="0" tests="1" name="takeScreenShot.Reportings_OfExecutions" time="0.975" errors="0" timestamp="2022-06-26T09:04:29 IST" skipped="0">
  <testcase classname="takeScreenShot.Reportings_OfExecutions" name="report" time="0.975"/>
  <system-out/>
</testsuite> <!-- takeScreenShot.Reportings_OfExecutions -->
