<?xml version="1.0" encoding="UTF-8"?>
<!-- Generated by org.testng.reporters.JUnitReportReporter -->
<testsuite hostname="LAPTOP-3CF66GBG" failures="0" tests="2" name="facker.java.Snippet" time="0.088" errors="0" timestamp="2023-01-04T10:14:58 IST" skipped="0">
  <testcase classname="facker.java.Snippet" name="whenBothifyCalled_checkPatternMatches" time="0.005"/>
  <system-out/>
  <testcase classname="facker.java.Snippet" name="givenValidService_whenRegexifyCalled_checkPattern" time="0.083"/>
  <system-out/>
</testsuite> <!-- facker.java.Snippet -->
