<?xml version="1.0" encoding="UTF-8"?>
<!-- Generated by org.testng.reporters.JUnitReportReporter -->
<testsuite hostname="LAPTOP-3CF66GBG" failures="0" tests="1" name="alerts_P.Test" time="3.655" errors="0" timestamp="2022-08-18T16:27:33 IST" skipped="0">
  <testcase classname="alerts_P.Test" name="sampleAler" time="3.655"/>
  <system-out/>
</testsuite> <!-- alerts_P.Test -->
