<?xml version="1.0" encoding="UTF-8"?>
<!-- Generated by org.testng.reporters.JUnitReportReporter -->
<testsuite hostname="LAPTOP-3CF66GBG" failures="0" tests="3" name="test.EnableMethod" time="0.009" errors="0" timestamp="2022-06-20T21:05:11 IST" skipped="1">
  <testcase classname="test.EnableMethod" name="testMethod3" time="0.009"/>
  <system-out/>
  <testcase classname="test.EnableMethod" name="testMethod1" time="0.000"/>
  <system-out/>
  <testcase classname="test.EnableMethod" name="testMethod2">
    <skipped/>
  </testcase> <!-- testMethod2 -->
  <system-out/>
</testsuite> <!-- test.EnableMethod -->
