<?xml version="1.0" encoding="UTF-8"?>
<!-- Generated by org.testng.reporters.JUnitReportReporter -->
<testsuite hostname="LAPTOP-3CF66GBG" failures="0" tests="4" name="takeScreenShot.TestCases" time="0.177" errors="0" timestamp="2022-06-27T18:38:08 IST" skipped="0">
  <testcase classname="takeScreenShot.TestCases" name="m3" time="0.160"/>
  <system-out/>
  <testcase classname="takeScreenShot.TestCases" name="m4" time="0.002"/>
  <system-out/>
  <testcase classname="takeScreenShot.TestCases" name="m1" time="0.009"/>
  <system-out/>
  <testcase classname="takeScreenShot.TestCases" name="m2" time="0.006"/>
  <system-out/>
</testsuite> <!-- takeScreenShot.TestCases -->
