<?xml version="1.0" encoding="UTF-8"?>
<!-- Generated by org.testng.reporters.JUnitReportReporter -->
<testsuite hostname="LAPTOP-3CF66GBG" failures="0" tests="1" name="assurstionsClass.Assurstions" time="0.015" errors="0" timestamp="2022-06-24T21:13:52 IST" skipped="0">
  <testcase classname="assurstionsClass.Assurstions" name="assurt" time="0.015"/>
  <system-out/>
</testsuite> <!-- assurstionsClass.Assurstions -->
