<?xml version="1.0" encoding="UTF-8"?>
<!-- Generated by org.testng.reporters.JUnitReportReporter -->
<testsuite hostname="LAPTOP-3CF66GBG" failures="0" tests="1" name="org.ParameterProvider.java.Parameter" time="11.589" errors="0" timestamp="2022-08-29T13:26:27 IST" skipped="0">
  <testcase classname="org.ParameterProvider.java.Parameter" name="loginPageOfHrm" time="11.589"/>
  <system-out/>
</testsuite> <!-- org.ParameterProvider.java.Parameter -->
