<?xml version="1.0" encoding="UTF-8"?>
<!-- Generated by org.testng.reporters.JUnitReportReporter -->
<testsuite hostname="LAPTOP-3CF66GBG" failures="0" tests="2" name="test.ClassTest" time="0.014" errors="0" timestamp="2022-06-20T15:56:41 IST" skipped="0">
  <testcase classname="test.ClassTest" name="testMethod2" time="0.006"/>
  <system-out/>
  <testcase classname="test.ClassTest" name="testMethod1" time="0.008"/>
  <system-out/>
</testsuite> <!-- test.ClassTest -->
