<?xml version="1.0" encoding="UTF-8"?>
<!-- Generated by org.testng.reporters.JUnitReportReporter -->
<testsuite hostname="LAPTOP-3CF66GBG" failures="0" tests="5" name="org.listeners.sel.SampleTestCase" time="0.073" errors="0" timestamp="2022-08-27T11:28:40 IST" skipped="0">
  <testcase classname="org.listeners.sel.SampleTestCase" name="testFive" time="0.063"/>
  <system-out/>
  <testcase classname="org.listeners.sel.SampleTestCase" name="testFour" time="0.002"/>
  <system-out/>
  <testcase classname="org.listeners.sel.SampleTestCase" name="testThree" time="0.003"/>
  <system-out/>
  <testcase classname="org.listeners.sel.SampleTestCase" name="testTwo" time="0.002"/>
  <system-out/>
  <testcase classname="org.listeners.sel.SampleTestCase" name="testOne" time="0.003"/>
  <system-out/>
</testsuite> <!-- org.listeners.sel.SampleTestCase -->
