<?xml version="1.0" encoding="UTF-8"?>
<!-- Generated by org.testng.reporters.JUnitReportReporter -->
<testsuite hostname="LAPTOP-3CF66GBG" failures="0" tests="1" name="tabless.FindOutRepeatedValues" time="3.060" errors="0" timestamp="2022-07-07T15:55:33 IST" skipped="0">
  <testcase classname="tabless.FindOutRepeatedValues" name="repeatValueFindOut" time="3.060"/>
  <system-out/>
</testsuite> <!-- tabless.FindOutRepeatedValues -->
