<?xml version="1.0" encoding="UTF-8"?>
<!-- Generated by org.testng.reporters.JUnitReportReporter -->
<testsuite hostname="LAPTOP-3CF66GBG" failures="0" tests="1" name="pageFactory.java.Test99GuruLoginWithPageFactory" time="2.153" errors="0" timestamp="2022-09-17T19:58:20 IST" skipped="0">
  <testcase classname="pageFactory.java.Test99GuruLoginWithPageFactory" name="test_Home_Page_Appear_Correct" time="2.153"/>
  <system-out/>
</testsuite> <!-- pageFactory.java.Test99GuruLoginWithPageFactory -->
