<?xml version="1.0" encoding="UTF-8"?>
<!-- Generated by org.testng.reporters.JUnitReportReporter -->
<testsuite hostname="LAPTOP-3CF66GBG" failures="0" tests="1" name="workingWithXml.ParameterClass" time="0.012" errors="0" timestamp="2022-06-23T22:14:53 IST" skipped="0">
  <testcase classname="workingWithXml.ParameterClass" name="addNumber" time="0.012"/>
  <system-out/>
</testsuite> <!-- workingWithXml.ParameterClass -->
