<?xml version="1.0" encoding="UTF-8"?>
<!-- Generated by org.testng.reporters.JUnitReportReporter -->
<testsuite hostname="LAPTOP-3CF66GBG" failures="0" tests="4" name="test.Priority" time="0.018" errors="0" timestamp="2022-06-20T20:51:46 IST" skipped="1">
  <testcase classname="test.Priority" name="testMethod3" time="0.013"/>
  <system-out/>
  <testcase classname="test.Priority" name="testMethod1" time="0.003"/>
  <system-out/>
  <testcase classname="test.Priority" name="testMethod4" time="0.002"/>
  <system-out/>
  <testcase classname="test.Priority" name="testMethod2">
    <skipped/>
  </testcase> <!-- testMethod2 -->
  <system-out/>
</testsuite> <!-- test.Priority -->
