<?xml version="1.0" encoding="UTF-8"?>
<!-- Generated by org.testng.reporters.JUnitReportReporter -->
<testsuite hostname="LAPTOP-3CF66GBG" failures="0" tests="1" name="org.pagefactorty.java.TestCaseAtOnePlace" time="24.791" errors="0" timestamp="2022-09-27T09:36:00 IST" skipped="0">
  <testcase classname="org.pagefactorty.java.TestCaseAtOnePlace" name="testcase_0001" time="24.791"/>
  <system-out/>
</testsuite> <!-- org.pagefactorty.java.TestCaseAtOnePlace -->
