<?xml version="1.0" encoding="UTF-8"?>
<!-- Generated by org.testng.reporters.JUnitReportReporter -->
<testsuite hostname="LAPTOP-3CF66GBG" failures="0" tests="4" name="workingWithXml.SampleClass_2" time="0.016" errors="0" timestamp="2022-06-23T18:04:58 IST" skipped="0">
  <testcase classname="workingWithXml.SampleClass_2" name="metho_3" time="0.001"/>
  <system-out/>
  <testcase classname="workingWithXml.SampleClass_2" name="metho_4" time="0.001"/>
  <system-out/>
  <testcase classname="workingWithXml.SampleClass_2" name="metho_1" time="0.007"/>
  <system-out/>
  <testcase classname="workingWithXml.SampleClass_2" name="metho_2" time="0.007"/>
  <system-out/>
</testsuite> <!-- workingWithXml.SampleClass_2 -->
