<?xml version="1.0" encoding="UTF-8"?>
<!-- Generated by org.testng.reporters.JUnitReportReporter -->
<testsuite hostname="LAPTOP-3CF66GBG" failures="0" tests="1" name="takeScreenShot.ScreenShot" time="4.489" errors="0" timestamp="2022-06-26T09:08:06 IST" skipped="0">
  <testcase classname="takeScreenShot.ScreenShot" name="screenshots" time="4.489"/>
  <system-out/>
</testsuite> <!-- takeScreenShot.ScreenShot -->
