<?xml version="1.0" encoding="UTF-8"?>
<!-- Generated by org.testng.reporters.JUnitReportReporter -->
<testsuite hostname="LAPTOP-3CF66GBG" failures="0" tests="5" name="abcd.MavenTest" time="0.012" errors="0" timestamp="2022-06-27T19:48:33 IST" skipped="0">
  <testcase classname="abcd.MavenTest" name="m4" time="0.001"/>
  <system-out/>
  <testcase classname="abcd.MavenTest" name="m3" time="0.001"/>
  <system-out/>
  <testcase classname="abcd.MavenTest" name="m2" time="0.001"/>
  <system-out/>
  <testcase classname="abcd.MavenTest" name="m1" time="0.008"/>
  <system-out/>
  <testcase classname="abcd.MavenTest" name="m5" time="0.001"/>
  <system-out/>
</testsuite> <!-- abcd.MavenTest -->
